Build started 28.2.2018 13:51:28.
     1>Project "H:\courses\security_and_hardware\SC_power_measurement\measure\measure\measure.vcxproj" on node 2 (build target(s)).
     1>InitializeBuildStatus:
         Creating "Debug\measure.unsuccessfulbuild" because "AlwaysCreate" was specified.
       ClCompile:
         c:\Program Files (x86)\Microsoft Visual Studio 10.0\VC\bin\CL.exe /c /ZI /nologo /W3 /WX- /Od /Oy- /D WIN32 /D _DEBUG /D _CONSOLE /Gm /EHsc /RTC1 /MDd /GS /fp:precise /Zc:wchar_t /Zc:forScope /Fo"Debug\\" /Fd"Debug\vc100.pdb" /Gd /TP /analyze- /errorReport:prompt ..\..\sources\instrument.cpp ..\..\sources\main.cpp ..\..\sources\measurement.cpp ..\..\sources\scard.cpp
         scard.cpp
         measurement.cpp
     1>h:\courses\security_and_hardware\sc_power_measurement\sources\measurement.cpp(193): warning C4996: 'sscanf': This function or variable may be unsafe. Consider using sscanf_s instead. To disable deprecation, use _CRT_SECURE_NO_WARNINGS. See online help for details.
                 c:\program files (x86)\microsoft visual studio 10.0\vc\include\stdio.h(325) : see declaration of 'sscanf'
         main.cpp
         instrument.cpp
     1>h:\courses\security_and_hardware\sc_power_measurement\sources\instrument.cpp(87): warning C4996: 'fopen': This function or variable may be unsafe. Consider using fopen_s instead. To disable deprecation, use _CRT_SECURE_NO_WARNINGS. See online help for details.
                 c:\program files (x86)\microsoft visual studio 10.0\vc\include\stdio.h(234) : see declaration of 'fopen'
     1>h:\courses\security_and_hardware\sc_power_measurement\sources\instrument.cpp(197): warning C4996: 'strcat': This function or variable may be unsafe. Consider using strcat_s instead. To disable deprecation, use _CRT_SECURE_NO_WARNINGS. See online help for details.
                 c:\program files (x86)\microsoft visual studio 10.0\vc\include\string.h(110) : see declaration of 'strcat'
     1>h:\courses\security_and_hardware\sc_power_measurement\sources\instrument.cpp(198): warning C4996: 'strcat': This function or variable may be unsafe. Consider using strcat_s instead. To disable deprecation, use _CRT_SECURE_NO_WARNINGS. See online help for details.
                 c:\program files (x86)\microsoft visual studio 10.0\vc\include\string.h(110) : see declaration of 'strcat'
         Generating Code...
       ManifestResourceCompile:
         C:\Program Files (x86)\Microsoft SDKs\Windows\v7.0A\bin\rc.exe /nologo /fo"Debug\measure.exe.embed.manifest.res" Debug\measure_manifest.rc 
       Link:
         c:\Program Files (x86)\Microsoft Visual Studio 10.0\VC\bin\link.exe /ERRORREPORT:PROMPT /OUT:"H:\courses\security_and_hardware\SC_power_measurement\measure\Debug\measure.exe" /INCREMENTAL /NOLOGO visa32.lib winscard.lib kernel32.lib user32.lib gdi32.lib winspool.lib comdlg32.lib advapi32.lib shell32.lib ole32.lib oleaut32.lib uuid.lib odbc32.lib odbccp32.lib /MANIFEST /ManifestFile:"Debug\measure.exe.intermediate.manifest" /MANIFESTUAC:"level='asInvoker' uiAccess='false'" /DEBUG /PDB:"H:\courses\security_and_hardware\SC_power_measurement\measure\Debug\measure.pdb" /SUBSYSTEM:CONSOLE /TLBID:1 /DYNAMICBASE /NXCOMPAT /IMPLIB:"H:\courses\security_and_hardware\SC_power_measurement\measure\Debug\measure.lib" /MACHINE:X86 Debug\measure.exe.embed.manifest.res
         Debug\instrument.obj
         Debug\main.obj
         Debug\measurement.obj
         Debug\scard.obj
       Manifest:
         C:\Program Files (x86)\Microsoft SDKs\Windows\v7.0A\bin\mt.exe /nologo /verbose /out:"Debug\measure.exe.embed.manifest" /manifest Debug\measure.exe.intermediate.manifest
         C:\Program Files (x86)\Microsoft SDKs\Windows\v7.0A\bin\rc.exe /nologo /fo"Debug\measure.exe.embed.manifest.res" Debug\measure_manifest.rc 
       LinkEmbedManifest:
         c:\Program Files (x86)\Microsoft Visual Studio 10.0\VC\bin\link.exe /ERRORREPORT:PROMPT /OUT:"H:\courses\security_and_hardware\SC_power_measurement\measure\Debug\measure.exe" /INCREMENTAL /NOLOGO visa32.lib winscard.lib kernel32.lib user32.lib gdi32.lib winspool.lib comdlg32.lib advapi32.lib shell32.lib ole32.lib oleaut32.lib uuid.lib odbc32.lib odbccp32.lib /MANIFEST /ManifestFile:"Debug\measure.exe.intermediate.manifest" /MANIFESTUAC:"level='asInvoker' uiAccess='false'" /DEBUG /PDB:"H:\courses\security_and_hardware\SC_power_measurement\measure\Debug\measure.pdb" /SUBSYSTEM:CONSOLE /TLBID:1 /DYNAMICBASE /NXCOMPAT /IMPLIB:"H:\courses\security_and_hardware\SC_power_measurement\measure\Debug\measure.lib" /MACHINE:X86 Debug\measure.exe.embed.manifest.res
         Debug\instrument.obj
         Debug\main.obj
         Debug\measurement.obj
         Debug\scard.obj
         measure.vcxproj -> H:\courses\security_and_hardware\SC_power_measurement\measure\Debug\measure.exe
       FinalizeBuildStatus:
         Deleting file "Debug\measure.unsuccessfulbuild".
         Touching "Debug\measure.lastbuildstate".
     1>Done Building Project "H:\courses\security_and_hardware\SC_power_measurement\measure\measure\measure.vcxproj" (build target(s)).

Build succeeded.

Time Elapsed 00:00:07.76
